2020-02-13 11:21:53,818 INFO - root - Initialising application
2020-02-13 11:21:53,906 INFO - root - Initialise global hotkeys
2020-02-13 11:21:53,907 INFO - config-manager - Loading config from existing file: /home/rob/.config/autokey/autokey.json
2020-02-13 11:21:54,001 INFO - config-manager - Configuration changed - rebuilding in-memory structures
2020-02-13 11:21:54,003 INFO - config-manager - Successfully loaded configuration
2020-02-13 11:21:54,003 INFO - service - Starting service
2020-02-13 11:21:54,623 INFO - interface - XRecord interface thread starting
2020-02-13 11:21:54,626 INFO - service - Service now marked as running
2020-02-13 11:21:55,738 INFO - root - Entering main()
2020-02-13 11:30:28,840 INFO - service - Matched hotkey phrase/script with prompt=False
2020-02-13 11:55:23,654 INFO - service - Matched hotkey phrase/script with prompt=False
2020-02-13 15:38:24,914 INFO - service - Matched hotkey phrase/script with prompt=False
2020-02-13 15:42:03,481 INFO - service - Matched hotkey phrase/script with prompt=False
2020-02-13 15:42:17,597 INFO - service - Matched hotkey phrase/script with prompt=False
2020-02-13 15:48:35,978 INFO - root - Displaying configuration window
2020-02-13 15:52:40,396 WARNING - config-manager - No action taken for create/update event at /home/rob/.config/autokey/data/My Phrases/R/.R_Function.json
2020-02-13 15:52:40,899 WARNING - config-manager - No action taken for create/update event at /home/rob/.config/autokey/data/My Phrases/R/.R_Function.json
2020-02-13 15:52:41,402 INFO - config-manager - Configuration changed - rebuilding in-memory structures
2020-02-13 15:53:04,920 INFO - config-manager - Configuration changed - rebuilding in-memory structures
2020-02-13 15:53:07,720 INFO - root - Shutting down
2020-02-13 15:53:07,720 INFO - service - Service shutting down
2020-02-13 15:53:08,209 INFO - config-manager - Persisting configuration
2020-02-13 15:53:08,210 INFO - config-manager - Backing up existing config file
2020-02-13 15:53:08,212 INFO - config-manager - Finished persisting configuration - no errors
2020-02-13 15:53:08,222 INFO - inotify - Shutting down file monitor
2020-02-13 15:53:11,529 INFO - root - Initialising application
2020-02-13 15:53:11,556 INFO - root - Initialise global hotkeys
2020-02-13 15:53:11,556 INFO - config-manager - Loading config from existing file: /home/rob/.config/autokey/autokey.json
2020-02-13 15:53:11,581 INFO - config-manager - Configuration changed - rebuilding in-memory structures
2020-02-13 15:53:11,582 INFO - config-manager - Successfully loaded configuration
2020-02-13 15:53:11,583 INFO - service - Starting service
2020-02-13 15:53:11,690 INFO - interface - XRecord interface thread starting
2020-02-13 15:53:11,693 INFO - service - Service now marked as running
2020-02-13 15:53:12,013 INFO - root - Displaying configuration window
2020-02-13 15:53:12,313 INFO - root - Entering main()
2020-02-13 15:55:34,961 INFO - config-manager - Configuration changed - rebuilding in-memory structures
2020-02-13 16:23:27,221 INFO - service - Matched hotkey phrase/script with prompt=False
2020-02-13 16:29:47,976 INFO - service - Matched hotkey phrase/script with prompt=False
2020-02-13 16:32:15,738 INFO - service - Matched hotkey phrase/script with prompt=False
2020-02-13 16:32:21,664 INFO - service - Matched hotkey phrase/script with prompt=False
2020-02-13 16:32:31,961 INFO - service - Matched hotkey phrase/script with prompt=False
2020-02-13 16:48:38,371 INFO - service - Matched hotkey phrase/script with prompt=False
2020-02-13 17:44:32,092 INFO - config-manager - Configuration changed - rebuilding in-memory structures
2020-02-13 17:44:32,094 INFO - config-manager - Persisting configuration
2020-02-13 17:44:32,098 INFO - config-manager - Backing up existing config file
2020-02-13 17:44:32,101 INFO - config-manager - Finished persisting configuration - no errors
